WARNING : Could not find a target 'html', but found a target 'web' with format='html'; using this target.
INFO    : Building target web
INFO    : XSL conversion of C:\Users\wechterm\OneDrive - College of DuPage\Documents\new-pretext-project\source\main.ptx by C:\Users\wechterm\.ptx\2.29.2\core\xsl\utilities\pretext-enhanced-source.xsl
INFO    : successful application of C:\Users\wechterm\.ptx\2.29.2\core\xsl\utilities\pretext-enhanced-source.xsl
INFO    : Generating any needed assets.
INFO    : Finished generating assets.

INFO    : Preparing to build into C:\Users\wechterm\OneDrive - College of DuPage\Documents\new-pretext-project\output\web.
WARNING : Node.js must be installed to build CSS files.  Please install node.js and npm.
 Will try to use prebuilt CSS files instead.
WARNING : Cannot find npm.  Will try to use prebuilt CSS files instead.
WARNING : Unable to install npm packages to build css files.  Non-default CSS themes require node.js and npm to be installed.  See https://pretextbook.org/doc/guide/html/node-and-npm.html
WARNING : 
INFO    : discovering source file's directory name: C:\Users\wechterm\OneDrive - College of DuPage\Documents\new-pretext-project\source
INFO    : verifying and expanding input directory: C:\Users\wechterm\OneDrive - College of DuPage\Documents\new-pretext-project\source\../generated-assets
INFO    : input directory expanded to absolute path: C:\Users\wechterm\OneDrive - College of DuPage\Documents\new-pretext-project\generated-assets
INFO    : verifying and expanding input directory: C:\Users\wechterm\OneDrive - College of DuPage\Documents\new-pretext-project\source\../assets
INFO    : input directory expanded to absolute path: C:\Users\wechterm\OneDrive - College of DuPage\Documents\new-pretext-project\assets
INFO    : XSL conversion of C:\Users\wechterm\OneDrive - College of DuPage\Documents\new-pretext-project\source\main.ptx by C:\Users\wechterm\.ptx\2.29.2\core\xsl\utilities\report-publisher-variables.xsl
INFO    : successful application of C:\Users\wechterm\.ptx\2.29.2\core\xsl\utilities\report-publisher-variables.xsl
INFO    : Downloading rs services file from https://runestone.academy/cdn/runestone/latest/webpack_static_imports.xml.
INFO    : Runestone Services via online CDN query: version 7.9.12
INFO    : Downloading Runestone Services, version 7.9.12
INFO    : Extracting Runestone Services from archive file
INFO    : Node.js not available. Relying on prebuilt default-modern.
INFO    : Using prebuilt CSS theme: default-modern with options: {'options': {'primary-color': '#195684', 'secondary-color': '#932c1c'}, 'contrast-checks': {'primary-color': '#fff', 'secondary-color': '#fff', 'primary-color-dark': '#23241f'}}
INFO    : converting C:\Users\wechterm\OneDrive - College of DuPage\Documents\new-pretext-project\source\main.ptx to HTML in C:\Users\wechterm\AppData\Local\Temp\ptx-l47hou3o
INFO    : XSL conversion of C:\Users\wechterm\OneDrive - College of DuPage\Documents\new-pretext-project\source\main.ptx by C:\Users\wechterm\.ptx\2.29.2\core\xsl\pretext-html.xsl
INFO    : messages from the log for XSL processing:
INFO    : * PTX:INFO:   checking all deprecated elements.
INFO    : successful application of C:\Users\wechterm\.ptx\2.29.2\core\xsl\pretext-html.xsl
INFO    : Removing temporary directory C:\Users\wechterm\AppData\Local\Temp\ptx-l47hou3o
ERROR   : Unable to release temporary directories.  Please report this error to pretext-support
INFO    : 
Finished build for target web. Run `pretext view web` to see the results.

CRITICAL: There were errors during the build.  See above.
INFO    : ------------------------
CRITICAL: Failed to build without errors.  Exiting...
INFO    : 
----------------------------------------------------
INFO    : While running pretext, the following errors occurred:

INFO    : (see log messages above or in the 'logs' folder for more information)
INFO    : ----------------------------------------------------
