WARNING : Could not find a target 'html', but found a target 'web' with format='html'; using this target.
INFO    : Building target web
INFO    : XSL conversion of /mnt/c/Users/wechterm/OneDrive - College of DuPage/Documents/new-pretext-project/source/main.ptx by /home/wechterm/.ptx/2.29.2/core/xsl/utilities/pretext-enhanced-source.xsl
INFO    : successful application of /home/wechterm/.ptx/2.29.2/core/xsl/utilities/pretext-enhanced-source.xsl
INFO    : Generating any needed assets.
INFO    : XSL conversion of /mnt/c/Users/wechterm/OneDrive - College of DuPage/Documents/new-pretext-project/source/main.ptx by /home/wechterm/.ptx/2.29.2/core/xsl/utilities/pretext-enhanced-source.xsl
INFO    : successful application of /home/wechterm/.ptx/2.29.2/core/xsl/utilities/pretext-enhanced-source.xsl
INFO    : XSL conversion of /mnt/c/Users/wechterm/OneDrive - College of DuPage/Documents/new-pretext-project/source/main.ptx by /home/wechterm/.ptx/2.29.2/core/xsl/utilities/pretext-enhanced-source.xsl
INFO    : successful application of /home/wechterm/.ptx/2.29.2/core/xsl/utilities/pretext-enhanced-source.xsl
INFO    : XSL conversion of /mnt/c/Users/wechterm/OneDrive - College of DuPage/Documents/new-pretext-project/source/main.ptx by /home/wechterm/.ptx/2.29.2/core/xsl/utilities/pretext-enhanced-source.xsl
INFO    : successful application of /home/wechterm/.ptx/2.29.2/core/xsl/utilities/pretext-enhanced-source.xsl
INFO    : XSL conversion of /mnt/c/Users/wechterm/OneDrive - College of DuPage/Documents/new-pretext-project/source/main.ptx by /home/wechterm/.ptx/2.29.2/core/xsl/utilities/pretext-enhanced-source.xsl
INFO    : successful application of /home/wechterm/.ptx/2.29.2/core/xsl/utilities/pretext-enhanced-source.xsl
INFO    : XSL conversion of /mnt/c/Users/wechterm/OneDrive - College of DuPage/Documents/new-pretext-project/source/main.ptx by /home/wechterm/.ptx/2.29.2/core/xsl/utilities/pretext-enhanced-source.xsl
INFO    : successful application of /home/wechterm/.ptx/2.29.2/core/xsl/utilities/pretext-enhanced-source.xsl
INFO    : XSL conversion of /mnt/c/Users/wechterm/OneDrive - College of DuPage/Documents/new-pretext-project/source/main.ptx by /home/wechterm/.ptx/2.29.2/core/xsl/utilities/pretext-enhanced-source.xsl
INFO    : successful application of /home/wechterm/.ptx/2.29.2/core/xsl/utilities/pretext-enhanced-source.xsl
INFO    : XSL conversion of /mnt/c/Users/wechterm/OneDrive - College of DuPage/Documents/new-pretext-project/source/main.ptx by /home/wechterm/.ptx/2.29.2/core/xsl/utilities/pretext-enhanced-source.xsl
INFO    : successful application of /home/wechterm/.ptx/2.29.2/core/xsl/utilities/pretext-enhanced-source.xsl
INFO    : XSL conversion of /mnt/c/Users/wechterm/OneDrive - College of DuPage/Documents/new-pretext-project/source/main.ptx by /home/wechterm/.ptx/2.29.2/core/xsl/utilities/pretext-enhanced-source.xsl
INFO    : successful application of /home/wechterm/.ptx/2.29.2/core/xsl/utilities/pretext-enhanced-source.xsl
INFO    : XSL conversion of /mnt/c/Users/wechterm/OneDrive - College of DuPage/Documents/new-pretext-project/source/main.ptx by /home/wechterm/.ptx/2.29.2/core/xsl/utilities/pretext-enhanced-source.xsl
INFO    : successful application of /home/wechterm/.ptx/2.29.2/core/xsl/utilities/pretext-enhanced-source.xsl
INFO    : XSL conversion of /mnt/c/Users/wechterm/OneDrive - College of DuPage/Documents/new-pretext-project/source/main.ptx by /home/wechterm/.ptx/2.29.2/core/xsl/utilities/pretext-enhanced-source.xsl
INFO    : successful application of /home/wechterm/.ptx/2.29.2/core/xsl/utilities/pretext-enhanced-source.xsl
INFO    : XSL conversion of /mnt/c/Users/wechterm/OneDrive - College of DuPage/Documents/new-pretext-project/source/main.ptx by /home/wechterm/.ptx/2.29.2/core/xsl/utilities/pretext-enhanced-source.xsl
INFO    : successful application of /home/wechterm/.ptx/2.29.2/core/xsl/utilities/pretext-enhanced-source.xsl
INFO    : XSL conversion of /mnt/c/Users/wechterm/OneDrive - College of DuPage/Documents/new-pretext-project/source/main.ptx by /home/wechterm/.ptx/2.29.2/core/xsl/utilities/pretext-enhanced-source.xsl
INFO    : successful application of /home/wechterm/.ptx/2.29.2/core/xsl/utilities/pretext-enhanced-source.xsl
INFO    : XSL conversion of /mnt/c/Users/wechterm/OneDrive - College of DuPage/Documents/new-pretext-project/source/main.ptx by /home/wechterm/.ptx/2.29.2/core/xsl/utilities/pretext-enhanced-source.xsl
INFO    : successful application of /home/wechterm/.ptx/2.29.2/core/xsl/utilities/pretext-enhanced-source.xsl
INFO    : XSL conversion of /mnt/c/Users/wechterm/OneDrive - College of DuPage/Documents/new-pretext-project/source/main.ptx by /home/wechterm/.ptx/2.29.2/core/xsl/utilities/pretext-enhanced-source.xsl
INFO    : successful application of /home/wechterm/.ptx/2.29.2/core/xsl/utilities/pretext-enhanced-source.xsl
INFO    : XSL conversion of /mnt/c/Users/wechterm/OneDrive - College of DuPage/Documents/new-pretext-project/source/main.ptx by /home/wechterm/.ptx/2.29.2/core/xsl/utilities/pretext-enhanced-source.xsl
INFO    : successful application of /home/wechterm/.ptx/2.29.2/core/xsl/utilities/pretext-enhanced-source.xsl
INFO    : XSL conversion of /mnt/c/Users/wechterm/OneDrive - College of DuPage/Documents/new-pretext-project/source/main.ptx by /home/wechterm/.ptx/2.29.2/core/xsl/utilities/pretext-enhanced-source.xsl
INFO    : successful application of /home/wechterm/.ptx/2.29.2/core/xsl/utilities/pretext-enhanced-source.xsl
INFO    : XSL conversion of /mnt/c/Users/wechterm/OneDrive - College of DuPage/Documents/new-pretext-project/source/main.ptx by /home/wechterm/.ptx/2.29.2/core/xsl/utilities/pretext-enhanced-source.xsl
INFO    : successful application of /home/wechterm/.ptx/2.29.2/core/xsl/utilities/pretext-enhanced-source.xsl
INFO    : Finished generating assets.

INFO    : Preparing to build into /mnt/c/Users/wechterm/OneDrive - College of DuPage/Documents/new-pretext-project/output/web.
WARNING : Node.js must be installed to build CSS files.  Please install node.js and npm.
 Will try to use prebuilt CSS files instead.
WARNING : Cannot find npm.  Will try to use prebuilt CSS files instead.
WARNING : Unable to install npm packages to build css files.  Non-default CSS themes require node.js and npm to be installed.  See https://pretextbook.org/doc/guide/html/node-and-npm.html
WARNING : 
INFO    : discovering source file's directory name: /mnt/c/Users/wechterm/OneDrive - College of DuPage/Documents/new-pretext-project/source
INFO    : verifying and expanding input directory: /mnt/c/Users/wechterm/OneDrive - College of DuPage/Documents/new-pretext-project/source/../generated-assets
INFO    : input directory expanded to absolute path: /mnt/c/Users/wechterm/OneDrive - College of DuPage/Documents/new-pretext-project/generated-assets
INFO    : verifying and expanding input directory: /mnt/c/Users/wechterm/OneDrive - College of DuPage/Documents/new-pretext-project/source/../assets
INFO    : input directory expanded to absolute path: /mnt/c/Users/wechterm/OneDrive - College of DuPage/Documents/new-pretext-project/assets
INFO    : discovering source file's directory name: /mnt/c/Users/wechterm/OneDrive - College of DuPage/Documents/new-pretext-project/source
INFO    : XSL conversion of /mnt/c/Users/wechterm/OneDrive - College of DuPage/Documents/new-pretext-project/source/main.ptx by /home/wechterm/.ptx/2.29.2/core/xsl/utilities/report-publisher-variables.xsl
INFO    : successful application of /home/wechterm/.ptx/2.29.2/core/xsl/utilities/report-publisher-variables.xsl
INFO    : Downloading rs services file from https://runestone.academy/cdn/runestone/latest/webpack_static_imports.xml.
INFO    : Runestone Services via online CDN query: version 7.9.12
INFO    : Downloading Runestone Services, version 7.9.12
INFO    : Extracting Runestone Services from archive file
INFO    : Node.js not available. Relying on prebuilt default-modern.
INFO    : Using prebuilt CSS theme: default-modern with options: {'options': {'primary-color': '#195684', 'secondary-color': '#932c1c'}, 'contrast-checks': {'primary-color': '#fff', 'secondary-color': '#fff', 'primary-color-dark': '#23241f'}}
INFO    : converting /mnt/c/Users/wechterm/OneDrive - College of DuPage/Documents/new-pretext-project/source/main.ptx to HTML in /tmp/ptx-z0hik5_1
INFO    : XSL conversion of /mnt/c/Users/wechterm/OneDrive - College of DuPage/Documents/new-pretext-project/source/main.ptx by /home/wechterm/.ptx/2.29.2/core/xsl/pretext-html.xsl
INFO    : messages from the log for XSL processing:
INFO    : * PTX:INFO:   checking all deprecated elements.
INFO    : successful application of /home/wechterm/.ptx/2.29.2/core/xsl/pretext-html.xsl
INFO    : Removing temporary directory /tmp/ptx-z0hik5_1
INFO    : Removing temporary directory /tmp/ptx-8wjy50z3
INFO    : 
Finished build for target web. Run `pretext view web` to see the results.

INFO    : 
Success!  Built requested target(s) without errors.

INFO    : 
