WARNING : Could not find a target 'pdf', but found a target 'print' with format='pdf'; using this target.
INFO    : Building target print
INFO    : XSL conversion of /mnt/c/Users/wechterm/OneDrive - College of DuPage/Documents/new-pretext-project/source/main.ptx by /home/wechterm/.ptx/2.29.2/core/xsl/utilities/pretext-enhanced-source.xsl
INFO    : successful application of /home/wechterm/.ptx/2.29.2/core/xsl/utilities/pretext-enhanced-source.xsl
INFO    : Generating any needed assets.
INFO    : XSL conversion of /mnt/c/Users/wechterm/OneDrive - College of DuPage/Documents/new-pretext-project/source/main.ptx by /home/wechterm/.ptx/2.29.2/core/xsl/utilities/pretext-enhanced-source.xsl
INFO    : successful application of /home/wechterm/.ptx/2.29.2/core/xsl/utilities/pretext-enhanced-source.xsl
INFO    : XSL conversion of /mnt/c/Users/wechterm/OneDrive - College of DuPage/Documents/new-pretext-project/source/main.ptx by /home/wechterm/.ptx/2.29.2/core/xsl/utilities/pretext-enhanced-source.xsl
INFO    : successful application of /home/wechterm/.ptx/2.29.2/core/xsl/utilities/pretext-enhanced-source.xsl
INFO    : XSL conversion of /mnt/c/Users/wechterm/OneDrive - College of DuPage/Documents/new-pretext-project/source/main.ptx by /home/wechterm/.ptx/2.29.2/core/xsl/utilities/pretext-enhanced-source.xsl
INFO    : successful application of /home/wechterm/.ptx/2.29.2/core/xsl/utilities/pretext-enhanced-source.xsl
INFO    : XSL conversion of /mnt/c/Users/wechterm/OneDrive - College of DuPage/Documents/new-pretext-project/source/main.ptx by /home/wechterm/.ptx/2.29.2/core/xsl/utilities/pretext-enhanced-source.xsl
INFO    : successful application of /home/wechterm/.ptx/2.29.2/core/xsl/utilities/pretext-enhanced-source.xsl
INFO    : XSL conversion of /mnt/c/Users/wechterm/OneDrive - College of DuPage/Documents/new-pretext-project/source/main.ptx by /home/wechterm/.ptx/2.29.2/core/xsl/utilities/pretext-enhanced-source.xsl
INFO    : successful application of /home/wechterm/.ptx/2.29.2/core/xsl/utilities/pretext-enhanced-source.xsl
INFO    : XSL conversion of /mnt/c/Users/wechterm/OneDrive - College of DuPage/Documents/new-pretext-project/source/main.ptx by /home/wechterm/.ptx/2.29.2/core/xsl/utilities/pretext-enhanced-source.xsl
INFO    : successful application of /home/wechterm/.ptx/2.29.2/core/xsl/utilities/pretext-enhanced-source.xsl
INFO    : XSL conversion of /mnt/c/Users/wechterm/OneDrive - College of DuPage/Documents/new-pretext-project/source/main.ptx by /home/wechterm/.ptx/2.29.2/core/xsl/utilities/pretext-enhanced-source.xsl
INFO    : successful application of /home/wechterm/.ptx/2.29.2/core/xsl/utilities/pretext-enhanced-source.xsl
INFO    : XSL conversion of /mnt/c/Users/wechterm/OneDrive - College of DuPage/Documents/new-pretext-project/source/main.ptx by /home/wechterm/.ptx/2.29.2/core/xsl/utilities/pretext-enhanced-source.xsl
INFO    : successful application of /home/wechterm/.ptx/2.29.2/core/xsl/utilities/pretext-enhanced-source.xsl
INFO    : XSL conversion of /mnt/c/Users/wechterm/OneDrive - College of DuPage/Documents/new-pretext-project/source/main.ptx by /home/wechterm/.ptx/2.29.2/core/xsl/utilities/pretext-enhanced-source.xsl
INFO    : successful application of /home/wechterm/.ptx/2.29.2/core/xsl/utilities/pretext-enhanced-source.xsl
INFO    : XSL conversion of /mnt/c/Users/wechterm/OneDrive - College of DuPage/Documents/new-pretext-project/source/main.ptx by /home/wechterm/.ptx/2.29.2/core/xsl/utilities/pretext-enhanced-source.xsl
INFO    : successful application of /home/wechterm/.ptx/2.29.2/core/xsl/utilities/pretext-enhanced-source.xsl
INFO    : XSL conversion of /mnt/c/Users/wechterm/OneDrive - College of DuPage/Documents/new-pretext-project/source/main.ptx by /home/wechterm/.ptx/2.29.2/core/xsl/utilities/pretext-enhanced-source.xsl
INFO    : successful application of /home/wechterm/.ptx/2.29.2/core/xsl/utilities/pretext-enhanced-source.xsl
INFO    : XSL conversion of /mnt/c/Users/wechterm/OneDrive - College of DuPage/Documents/new-pretext-project/source/main.ptx by /home/wechterm/.ptx/2.29.2/core/xsl/utilities/pretext-enhanced-source.xsl
INFO    : successful application of /home/wechterm/.ptx/2.29.2/core/xsl/utilities/pretext-enhanced-source.xsl
INFO    : XSL conversion of /mnt/c/Users/wechterm/OneDrive - College of DuPage/Documents/new-pretext-project/source/main.ptx by /home/wechterm/.ptx/2.29.2/core/xsl/utilities/pretext-enhanced-source.xsl
INFO    : successful application of /home/wechterm/.ptx/2.29.2/core/xsl/utilities/pretext-enhanced-source.xsl
INFO    : XSL conversion of /mnt/c/Users/wechterm/OneDrive - College of DuPage/Documents/new-pretext-project/source/main.ptx by /home/wechterm/.ptx/2.29.2/core/xsl/utilities/pretext-enhanced-source.xsl
INFO    : successful application of /home/wechterm/.ptx/2.29.2/core/xsl/utilities/pretext-enhanced-source.xsl
INFO    : XSL conversion of /mnt/c/Users/wechterm/OneDrive - College of DuPage/Documents/new-pretext-project/source/main.ptx by /home/wechterm/.ptx/2.29.2/core/xsl/utilities/pretext-enhanced-source.xsl
INFO    : successful application of /home/wechterm/.ptx/2.29.2/core/xsl/utilities/pretext-enhanced-source.xsl
INFO    : XSL conversion of /mnt/c/Users/wechterm/OneDrive - College of DuPage/Documents/new-pretext-project/source/main.ptx by /home/wechterm/.ptx/2.29.2/core/xsl/utilities/pretext-enhanced-source.xsl
INFO    : successful application of /home/wechterm/.ptx/2.29.2/core/xsl/utilities/pretext-enhanced-source.xsl
INFO    : XSL conversion of /mnt/c/Users/wechterm/OneDrive - College of DuPage/Documents/new-pretext-project/source/main.ptx by /home/wechterm/.ptx/2.29.2/core/xsl/utilities/pretext-enhanced-source.xsl
INFO    : successful application of /home/wechterm/.ptx/2.29.2/core/xsl/utilities/pretext-enhanced-source.xsl
INFO    : Finished generating assets.

INFO    : Preparing to build into /mnt/c/Users/wechterm/OneDrive - College of DuPage/Documents/new-pretext-project/output/print.
INFO    : discovering source file's directory name: /mnt/c/Users/wechterm/OneDrive - College of DuPage/Documents/new-pretext-project/source
INFO    : verifying and expanding input directory: /mnt/c/Users/wechterm/OneDrive - College of DuPage/Documents/new-pretext-project/source/../generated-assets
INFO    : input directory expanded to absolute path: /mnt/c/Users/wechterm/OneDrive - College of DuPage/Documents/new-pretext-project/generated-assets
INFO    : verifying and expanding input directory: /mnt/c/Users/wechterm/OneDrive - College of DuPage/Documents/new-pretext-project/source/../assets
INFO    : input directory expanded to absolute path: /mnt/c/Users/wechterm/OneDrive - College of DuPage/Documents/new-pretext-project/assets
INFO    : discovering source file's directory name: /mnt/c/Users/wechterm/OneDrive - College of DuPage/Documents/new-pretext-project/source
INFO    : XSL conversion of /mnt/c/Users/wechterm/OneDrive - College of DuPage/Documents/new-pretext-project/source/main.ptx by /home/wechterm/.ptx/2.29.2/core/xsl/utilities/report-publisher-variables.xsl
INFO    : successful application of /home/wechterm/.ptx/2.29.2/core/xsl/utilities/report-publisher-variables.xsl
INFO    : converting /mnt/c/Users/wechterm/OneDrive - College of DuPage/Documents/new-pretext-project/source/main.ptx to LaTeX as /tmp/ptx-msdhmzmx/main.tex
INFO    : XSL conversion of /mnt/c/Users/wechterm/OneDrive - College of DuPage/Documents/new-pretext-project/source/main.ptx by /home/wechterm/.ptx/2.29.2/core/xsl/pretext-latex.xsl
INFO    : messages from the log for XSL processing:
INFO    : * PTX:INFO:   checking all deprecated elements.
INFO    : successful application of /home/wechterm/.ptx/2.29.2/core/xsl/pretext-latex.xsl
INFO    : XSL conversion of /mnt/c/Users/wechterm/OneDrive - College of DuPage/Documents/new-pretext-project/source/main.ptx by /home/wechterm/.ptx/2.29.2/core/xsl/utilities/report-publisher-variables.xsl
INFO    : successful application of /home/wechterm/.ptx/2.29.2/core/xsl/utilities/report-publisher-variables.xsl
CRITICAL: PTX:ERROR: cannot locate executable with configuration name `LatexEngine.XELATEX` as command `xelatex`
***  Edit the configuration file  ("pretext.cfg" or "project.ptx") and/or install  ***
***  the necessary program and/or make sure the executable is on your PATH         ***
INFO    : ------------------------
CRITICAL: Failed to build without errors.  Exiting...
INFO    : 
----------------------------------------------------
INFO    : While running pretext, the following errors occurred:

INFO    : (see log messages above or in the 'logs' folder for more information)
INFO    : ----------------------------------------------------
