DEBUG   : CLI version 2.29.2 matches requirements.txt 2.29.2.
WARNING : Could not find a target 'html', but found a target 'web' with format='html'; using this target.
INFO    : Building target web
ERROR   : XInclude Error caused build to fail:
ERROR   : file:/C:/Users/wechterm/OneDrive%20-%20College%20of%20DuPage/Documents/new-pretext-project/source/sec_Ch2Sec2v2.ptx:282:97:FATAL:PARSER:ERR_NAME_REQUIRED: xmlParseEntityRef: no name
file:/C:/Users/wechterm/OneDrive%20-%20College%20of%20DuPage/Documents/new-pretext-project/source/sec_Ch2Sec2v2.ptx:282:109:FATAL:PARSER:ERR_NAME_REQUIRED: xmlParseEntityRef: no name
file:/C:/Users/wechterm/OneDrive%20-%20College%20of%20DuPage/Documents/new-pretext-project/source/ch_second.ptx:12:0:ERROR:XINCLUDE:XINCLUDE_NO_FALLBACK: could not load file:/C:/Users/wechterm/OneDrive%20-%20College%20of%20DuPage/Documents/new-pretext-project/source/sec_Ch2Sec2v2.ptx, and no fallback was found
CRITICAL: XML syntax for source file is invalid
DEBUG   : Exception info:
------------------------
Traceback (most recent call last):
  File "C:\Users\wechterm\AppData\Local\Programs\Python\Python311\Lib\site-packages\pretext\cli.py", line 629, in build
    t.build(
  File "C:\Users\wechterm\AppData\Local\Programs\Python\Python311\Lib\site-packages\pretext\project\__init__.py", line 674, in build
    raise RuntimeError("XML syntax for source file is invalid")
RuntimeError: XML syntax for source file is invalid
INFO    : ------------------------
CRITICAL: Failed to build without errors.  Exiting...
INFO    : 
----------------------------------------------------
INFO    : While running pretext, the following errors occurred:

INFO    : (see log messages above or in the 'logs' folder for more information)
INFO    : ----------------------------------------------------
