WARNING : Could not find a target 'html', but found a target 'web' with format='html'; using this target.
INFO    : Building target web
ERROR   : XInclude Error caused build to fail:
ERROR   : /mnt/c/Users/goku_/Documents/PretextText/oer-openstax/source/sec_Ch2Sec2v2.ptx:118:30:FATAL:PARSER:ERR_TAG_NAME_MISMATCH: Opening and ending tag mismatch: row line 115 and cell
/mnt/c/Users/goku_/Documents/PretextText/oer-openstax/source/sec_Ch2Sec2v2.ptx:121:7:FATAL:PARSER:ERR_TAG_NAME_MISMATCH: Opening and ending tag mismatch: tabular line 107 and row
/mnt/c/Users/goku_/Documents/PretextText/oer-openstax/source/sec_Ch2Sec2v2.ptx:125:30:FATAL:PARSER:ERR_TAG_NAME_MISMATCH: Opening and ending tag mismatch: row line 122 and cell
/mnt/c/Users/goku_/Documents/PretextText/oer-openstax/source/sec_Ch2Sec2v2.ptx:128:7:FATAL:PARSER:ERR_TAG_NAME_MISMATCH: Opening and ending tag mismatch: table line 105 and row
/mnt/c/Users/goku_/Documents/PretextText/oer-openstax/source/sec_Ch2Sec2v2.ptx:132:30:FATAL:PARSER:ERR_TAG_NAME_MISMATCH: Opening and ending tag mismatch: row line 129 and cell
/mnt/c/Users/goku_/Documents/PretextText/oer-openstax/source/sec_Ch2Sec2v2.ptx:135:7:FATAL:PARSER:ERR_TAG_NAME_MISMATCH: Opening and ending tag mismatch: li line 104 and row
/mnt/c/Users/goku_/Documents/PretextText/oer-openstax/source/sec_Ch2Sec2v2.ptx:139:30:FATAL:PARSER:ERR_TAG_NAME_MISMATCH: Opening and ending tag mismatch: row line 136 and cell
/mnt/c/Users/goku_/Documents/PretextText/oer-openstax/source/sec_Ch2Sec2v2.ptx:142:7:FATAL:PARSER:ERR_TAG_NAME_MISMATCH: Opening and ending tag mismatch: ol line 103 and row
/mnt/c/Users/goku_/Documents/PretextText/oer-openstax/source/sec_Ch2Sec2v2.ptx:147:11:FATAL:PARSER:ERR_TAG_NAME_MISMATCH: Opening and ending tag mismatch: note line 101 and tabular
/mnt/c/Users/goku_/Documents/PretextText/oer-openstax/source/sec_Ch2Sec2v2.ptx:148:9:FATAL:PARSER:ERR_TAG_NAME_MISMATCH: Opening and ending tag mismatch: subsection line 29 and table
/mnt/c/Users/goku_/Documents/PretextText/oer-openstax/source/sec_Ch2Sec2v2.ptx:148:14:FATAL:PARSER:ERR_TAG_NAME_MISMATCH: Opening and ending tag mismatch: section line 3 and li
/mnt/c/Users/goku_/Documents/PretextText/oer-openstax/source/ch_second.ptx:12:0:ERROR:XINCLUDE:XINCLUDE_NO_FALLBACK: could not load /mnt/c/Users/goku_/Documents/PretextText/oer-openstax/source/sec_Ch2Sec2v2.ptx, and no fallback was found
CRITICAL: XML syntax for source file is invalid
INFO    : ------------------------
CRITICAL: Failed to build without errors.  Exiting...
INFO    : 
----------------------------------------------------
INFO    : While running pretext, the following errors occurred:

INFO    : (see log messages above or in the 'logs' folder for more information)
INFO    : ----------------------------------------------------
